mode: set
github.com/RaghibA/iot-telemetry/pkg/config/auth.go:22.43,24.16 2 0
github.com/RaghibA/iot-telemetry/pkg/config/auth.go:24.16,26.3 1 0
github.com/RaghibA/iot-telemetry/pkg/config/auth.go:28.2,29.16 2 0
github.com/RaghibA/iot-telemetry/pkg/config/auth.go:29.16,31.3 1 0
github.com/RaghibA/iot-telemetry/pkg/config/auth.go:33.2,34.16 2 0
github.com/RaghibA/iot-telemetry/pkg/config/auth.go:34.16,36.3 1 0
github.com/RaghibA/iot-telemetry/pkg/config/auth.go:38.2,42.8 1 0
github.com/RaghibA/iot-telemetry/pkg/config/auth.go:50.45,52.16 2 0
github.com/RaghibA/iot-telemetry/pkg/config/auth.go:52.16,54.3 1 0
github.com/RaghibA/iot-telemetry/pkg/config/auth.go:56.2,57.16 2 0
github.com/RaghibA/iot-telemetry/pkg/config/auth.go:57.16,59.3 1 0
github.com/RaghibA/iot-telemetry/pkg/config/auth.go:61.2,62.16 2 0
github.com/RaghibA/iot-telemetry/pkg/config/auth.go:62.16,64.3 1 0
github.com/RaghibA/iot-telemetry/pkg/config/auth.go:66.2,70.8 1 0
github.com/RaghibA/iot-telemetry/pkg/config/db.go:21.43,29.2 1 0
github.com/RaghibA/iot-telemetry/pkg/config/db.go:36.39,38.19 2 0
github.com/RaghibA/iot-telemetry/pkg/config/db.go:38.19,40.6 1 0
github.com/RaghibA/iot-telemetry/pkg/config/db.go:42.5,43.19 2 0
github.com/RaghibA/iot-telemetry/pkg/config/db.go:43.19,45.6 1 0
github.com/RaghibA/iot-telemetry/pkg/config/db.go:47.5,48.19 2 0
github.com/RaghibA/iot-telemetry/pkg/config/db.go:48.19,50.6 1 0
github.com/RaghibA/iot-telemetry/pkg/config/db.go:52.5,53.19 2 0
github.com/RaghibA/iot-telemetry/pkg/config/db.go:53.19,55.6 1 0
github.com/RaghibA/iot-telemetry/pkg/config/db.go:57.5,62.11 1 0
github.com/RaghibA/iot-telemetry/cmd/migration/main.go:19.13,21.16 2 0
github.com/RaghibA/iot-telemetry/cmd/migration/main.go:21.16,23.3 1 0
github.com/RaghibA/iot-telemetry/cmd/migration/main.go:24.2,27.16 3 0
github.com/RaghibA/iot-telemetry/cmd/migration/main.go:27.16,29.3 1 0
github.com/RaghibA/iot-telemetry/cmd/migration/main.go:30.2,33.16 3 0
github.com/RaghibA/iot-telemetry/cmd/migration/main.go:33.16,35.3 1 0
github.com/RaghibA/iot-telemetry/cmd/migration/main.go:37.2,42.16 2 0
github.com/RaghibA/iot-telemetry/cmd/migration/main.go:42.16,44.3 1 0
github.com/RaghibA/iot-telemetry/cmd/migration/main.go:46.2,47.16 2 0
github.com/RaghibA/iot-telemetry/cmd/migration/main.go:47.16,49.3 1 0
github.com/RaghibA/iot-telemetry/cmd/migration/main.go:51.2,51.39 1 0
github.com/RaghibA/iot-telemetry/db/db.go:18.56,26.16 3 0
github.com/RaghibA/iot-telemetry/db/db.go:26.16,28.3 1 0
github.com/RaghibA/iot-telemetry/db/db.go:29.2,31.16 2 0
github.com/RaghibA/iot-telemetry/pkg/utils/utils.go:18.63,19.25 1 0
github.com/RaghibA/iot-telemetry/pkg/utils/utils.go:19.25,21.3 1 0
github.com/RaghibA/iot-telemetry/pkg/utils/utils.go:23.2,24.15 2 0
github.com/RaghibA/iot-telemetry/pkg/utils/utils.go:24.15,26.3 1 0
github.com/RaghibA/iot-telemetry/pkg/utils/utils.go:28.2,28.17 1 0
github.com/RaghibA/iot-telemetry/pkg/utils/utils.go:36.51,38.2 1 0
github.com/RaghibA/iot-telemetry/services/admin/main.go:5.13,7.2 1 0
github.com/RaghibA/iot-telemetry/services/admin/internal/app/app.go:16.12,18.16 2 0
github.com/RaghibA/iot-telemetry/services/admin/internal/app/app.go:18.16,20.3 1 0
github.com/RaghibA/iot-telemetry/services/admin/internal/app/app.go:21.2,22.16 2 0
github.com/RaghibA/iot-telemetry/services/admin/internal/app/app.go:22.16,24.3 1 0
github.com/RaghibA/iot-telemetry/services/admin/internal/app/app.go:26.2,27.16 2 0
github.com/RaghibA/iot-telemetry/services/admin/internal/app/app.go:27.16,29.3 1 0
github.com/RaghibA/iot-telemetry/services/admin/internal/app/app.go:31.2,34.32 4 0
github.com/RaghibA/iot-telemetry/services/admin/internal/app/app.go:34.32,36.3 1 0
github.com/RaghibA/iot-telemetry/services/admin/internal/kafka/kafka.go:27.85,29.2 1 0
github.com/RaghibA/iot-telemetry/services/admin/internal/kafka/kafka.go:36.60,43.16 5 0
github.com/RaghibA/iot-telemetry/services/admin/internal/kafka/kafka.go:43.16,46.3 2 0
github.com/RaghibA/iot-telemetry/services/admin/internal/kafka/kafka.go:48.2,48.15 1 0
github.com/RaghibA/iot-telemetry/services/admin/internal/kafka/kafka.go:48.15,48.36 1 0
github.com/RaghibA/iot-telemetry/services/admin/internal/kafka/kafka.go:49.2,53.16 2 0
github.com/RaghibA/iot-telemetry/services/admin/internal/kafka/kafka.go:53.16,56.3 2 0
github.com/RaghibA/iot-telemetry/services/admin/internal/kafka/kafka.go:58.2,58.12 1 0
github.com/RaghibA/iot-telemetry/services/admin/internal/kafka/kafka.go:66.60,73.16 5 0
github.com/RaghibA/iot-telemetry/services/admin/internal/kafka/kafka.go:73.16,76.3 2 0
github.com/RaghibA/iot-telemetry/services/admin/internal/kafka/kafka.go:78.2,78.15 1 0
github.com/RaghibA/iot-telemetry/services/admin/internal/kafka/kafka.go:78.15,78.36 1 0
github.com/RaghibA/iot-telemetry/services/admin/internal/kafka/kafka.go:79.2,80.16 2 0
github.com/RaghibA/iot-telemetry/services/admin/internal/kafka/kafka.go:80.16,83.3 2 0
github.com/RaghibA/iot-telemetry/services/admin/internal/kafka/kafka.go:85.2,85.12 1 0
github.com/RaghibA/iot-telemetry/services/admin/internal/kafka/mock_kafka.go:16.44,21.2 1 0
github.com/RaghibA/iot-telemetry/services/admin/internal/kafka/mock_kafka.go:23.88,25.2 1 0
github.com/RaghibA/iot-telemetry/services/admin/internal/kafka/mock_kafka.go:27.63,28.18 1 0
github.com/RaghibA/iot-telemetry/services/admin/internal/kafka/mock_kafka.go:28.18,30.3 1 0
github.com/RaghibA/iot-telemetry/services/admin/internal/kafka/mock_kafka.go:32.2,33.12 2 0
github.com/RaghibA/iot-telemetry/services/admin/internal/kafka/mock_kafka.go:36.63,37.18 1 0
github.com/RaghibA/iot-telemetry/services/admin/internal/kafka/mock_kafka.go:37.18,39.3 1 0
github.com/RaghibA/iot-telemetry/services/admin/internal/kafka/mock_kafka.go:41.2,42.12 2 0
github.com/RaghibA/iot-telemetry/services/admin/internal/monitoring/prometheus.go:21.28,44.2 4 0
github.com/RaghibA/iot-telemetry/services/admin/internal/monitoring/prometheus.go:55.49,58.2 2 0
github.com/RaghibA/iot-telemetry/services/admin/internal/monitoring/prometheus.go:65.68,66.71 1 0
github.com/RaghibA/iot-telemetry/services/admin/internal/monitoring/prometheus.go:66.71,78.3 8 0
github.com/RaghibA/iot-telemetry/services/admin/internal/monitoring/prometheus.go:85.39,87.2 1 0
github.com/RaghibA/iot-telemetry/services/admin/internal/server/server.go:32.127,40.2 2 0
github.com/RaghibA/iot-telemetry/services/admin/internal/server/server.go:46.35,61.2 10 0
github.com/RaghibA/iot-telemetry/services/admin/internal/store/mock_store.go:15.32,20.2 1 0
github.com/RaghibA/iot-telemetry/services/admin/internal/store/mock_store.go:29.97,30.18 1 0
github.com/RaghibA/iot-telemetry/services/admin/internal/store/mock_store.go:30.18,32.3 1 0
github.com/RaghibA/iot-telemetry/services/admin/internal/store/mock_store.go:34.2,35.13 2 0
github.com/RaghibA/iot-telemetry/services/admin/internal/store/mock_store.go:35.13,37.3 1 0
github.com/RaghibA/iot-telemetry/services/admin/internal/store/mock_store.go:38.2,38.20 1 0
github.com/RaghibA/iot-telemetry/services/admin/internal/store/mock_store.go:41.97,42.18 1 0
github.com/RaghibA/iot-telemetry/services/admin/internal/store/mock_store.go:42.18,44.3 1 0
github.com/RaghibA/iot-telemetry/services/admin/internal/store/mock_store.go:46.2,47.35 2 0
github.com/RaghibA/iot-telemetry/services/admin/internal/store/mock_store.go:47.35,48.30 1 0
github.com/RaghibA/iot-telemetry/services/admin/internal/store/mock_store.go:48.30,50.4 1 0
github.com/RaghibA/iot-telemetry/services/admin/internal/store/mock_store.go:53.2,53.21 1 0
github.com/RaghibA/iot-telemetry/services/admin/internal/store/mock_store.go:56.81,57.18 1 0
github.com/RaghibA/iot-telemetry/services/admin/internal/store/mock_store.go:57.18,59.3 1 0
github.com/RaghibA/iot-telemetry/services/admin/internal/store/mock_store.go:61.2,62.12 2 0
github.com/RaghibA/iot-telemetry/services/admin/internal/store/mock_store.go:65.78,66.18 1 0
github.com/RaghibA/iot-telemetry/services/admin/internal/store/mock_store.go:66.18,68.3 1 0
github.com/RaghibA/iot-telemetry/services/admin/internal/store/mock_store.go:70.2,71.12 2 0
github.com/RaghibA/iot-telemetry/services/admin/internal/store/store.go:30.62,32.2 1 0
github.com/RaghibA/iot-telemetry/services/admin/internal/store/store.go:41.93,55.16 4 0
github.com/RaghibA/iot-telemetry/services/admin/internal/store/store.go:55.16,57.3 1 0
github.com/RaghibA/iot-telemetry/services/admin/internal/store/store.go:59.2,59.21 1 0
github.com/RaghibA/iot-telemetry/services/admin/internal/store/store.go:69.93,77.16 4 0
github.com/RaghibA/iot-telemetry/services/admin/internal/store/store.go:77.16,79.3 1 0
github.com/RaghibA/iot-telemetry/services/admin/internal/store/store.go:80.2,82.18 2 0
github.com/RaghibA/iot-telemetry/services/admin/internal/store/store.go:82.18,92.17 3 0
github.com/RaghibA/iot-telemetry/services/admin/internal/store/store.go:92.17,94.4 1 0
github.com/RaghibA/iot-telemetry/services/admin/internal/store/store.go:96.3,96.36 1 0
github.com/RaghibA/iot-telemetry/services/admin/internal/store/store.go:99.2,99.34 1 0
github.com/RaghibA/iot-telemetry/services/admin/internal/store/store.go:99.34,101.3 1 0
github.com/RaghibA/iot-telemetry/services/admin/internal/store/store.go:103.2,103.21 1 0
github.com/RaghibA/iot-telemetry/services/admin/internal/store/store.go:112.77,127.2 3 0
github.com/RaghibA/iot-telemetry/services/admin/internal/store/store.go:135.74,142.2 3 0
github.com/RaghibA/iot-telemetry/services/auth/main.go:12.13,15.2 2 0
github.com/RaghibA/iot-telemetry/services/auth/internal/app/app.go:14.12,16.19 2 0
github.com/RaghibA/iot-telemetry/services/auth/internal/app/app.go:16.19,18.6 1 0
github.com/RaghibA/iot-telemetry/services/auth/internal/app/app.go:19.5,20.19 2 0
github.com/RaghibA/iot-telemetry/services/auth/internal/app/app.go:20.19,22.6 1 0
github.com/RaghibA/iot-telemetry/services/auth/internal/app/app.go:24.5,25.19 2 0
github.com/RaghibA/iot-telemetry/services/auth/internal/app/app.go:25.19,27.6 1 0
github.com/RaghibA/iot-telemetry/services/auth/internal/app/app.go:28.5,29.34 2 0
github.com/RaghibA/iot-telemetry/services/auth/internal/app/app.go:29.34,31.6 1 0
github.com/RaghibA/iot-telemetry/services/auth/internal/monitoring/prometheus.go:21.28,44.2 4 0
github.com/RaghibA/iot-telemetry/services/auth/internal/monitoring/prometheus.go:55.49,58.2 2 0
github.com/RaghibA/iot-telemetry/services/auth/internal/monitoring/prometheus.go:65.68,66.71 1 0
github.com/RaghibA/iot-telemetry/services/auth/internal/monitoring/prometheus.go:66.71,78.3 8 0
github.com/RaghibA/iot-telemetry/services/auth/internal/monitoring/prometheus.go:85.39,87.2 1 0
github.com/RaghibA/iot-telemetry/services/auth/internal/server/server.go:29.73,38.2 3 0
github.com/RaghibA/iot-telemetry/services/auth/internal/server/server.go:44.34,59.2 10 0
github.com/RaghibA/iot-telemetry/services/data/main.go:3.14,5.2 0 0
github.com/RaghibA/iot-telemetry/services/auth/internal/store/mock_store.go:21.40,27.2 1 0
github.com/RaghibA/iot-telemetry/services/auth/internal/store/mock_store.go:36.95,37.18 1 0
github.com/RaghibA/iot-telemetry/services/auth/internal/store/mock_store.go:37.18,39.3 1 0
github.com/RaghibA/iot-telemetry/services/auth/internal/store/mock_store.go:41.2,42.13 2 0
github.com/RaghibA/iot-telemetry/services/auth/internal/store/mock_store.go:42.13,44.3 1 0
github.com/RaghibA/iot-telemetry/services/auth/internal/store/mock_store.go:45.2,45.18 1 0
github.com/RaghibA/iot-telemetry/services/auth/internal/store/mock_store.go:55.103,56.18 1 0
github.com/RaghibA/iot-telemetry/services/auth/internal/store/mock_store.go:56.18,58.3 1 0
github.com/RaghibA/iot-telemetry/services/auth/internal/store/mock_store.go:60.2,60.31 1 0
github.com/RaghibA/iot-telemetry/services/auth/internal/store/mock_store.go:60.31,61.32 1 0
github.com/RaghibA/iot-telemetry/services/auth/internal/store/mock_store.go:61.32,63.4 1 0
github.com/RaghibA/iot-telemetry/services/auth/internal/store/mock_store.go:66.2,66.27 1 0
github.com/RaghibA/iot-telemetry/services/auth/internal/store/mock_store.go:76.97,77.18 1 0
github.com/RaghibA/iot-telemetry/services/auth/internal/store/mock_store.go:77.18,79.3 1 0
github.com/RaghibA/iot-telemetry/services/auth/internal/store/mock_store.go:81.2,81.31 1 0
github.com/RaghibA/iot-telemetry/services/auth/internal/store/mock_store.go:81.31,82.26 1 0
github.com/RaghibA/iot-telemetry/services/auth/internal/store/mock_store.go:82.26,84.4 1 0
github.com/RaghibA/iot-telemetry/services/auth/internal/store/mock_store.go:87.2,87.27 1 0
github.com/RaghibA/iot-telemetry/services/auth/internal/store/mock_store.go:96.78,97.18 1 0
github.com/RaghibA/iot-telemetry/services/auth/internal/store/mock_store.go:97.18,99.3 1 0
github.com/RaghibA/iot-telemetry/services/auth/internal/store/mock_store.go:101.2,101.28 1 0
github.com/RaghibA/iot-telemetry/services/auth/internal/store/mock_store.go:101.28,102.34 1 0
github.com/RaghibA/iot-telemetry/services/auth/internal/store/mock_store.go:102.34,104.4 1 0
github.com/RaghibA/iot-telemetry/services/auth/internal/store/mock_store.go:105.3,105.28 1 0
github.com/RaghibA/iot-telemetry/services/auth/internal/store/mock_store.go:105.28,107.4 1 0
github.com/RaghibA/iot-telemetry/services/auth/internal/store/mock_store.go:110.2,111.12 2 0
github.com/RaghibA/iot-telemetry/services/auth/internal/store/mock_store.go:120.84,121.18 1 0
github.com/RaghibA/iot-telemetry/services/auth/internal/store/mock_store.go:121.18,123.3 1 0
github.com/RaghibA/iot-telemetry/services/auth/internal/store/mock_store.go:125.2,126.12 2 0
github.com/RaghibA/iot-telemetry/services/auth/internal/store/mock_store.go:135.78,136.18 1 0
github.com/RaghibA/iot-telemetry/services/auth/internal/store/mock_store.go:136.18,138.3 1 0
github.com/RaghibA/iot-telemetry/services/auth/internal/store/mock_store.go:140.2,141.12 2 0
github.com/RaghibA/iot-telemetry/services/auth/internal/store/mock_store.go:150.80,151.18 1 0
github.com/RaghibA/iot-telemetry/services/auth/internal/store/mock_store.go:151.18,153.3 1 0
github.com/RaghibA/iot-telemetry/services/auth/internal/store/mock_store.go:155.2,156.12 2 0
github.com/RaghibA/iot-telemetry/services/auth/internal/store/store.go:32.60,34.2 1 0
github.com/RaghibA/iot-telemetry/services/auth/internal/store/store.go:43.87,56.16 4 0
github.com/RaghibA/iot-telemetry/services/auth/internal/store/store.go:56.16,58.3 1 0
github.com/RaghibA/iot-telemetry/services/auth/internal/store/store.go:60.2,60.19 1 0
github.com/RaghibA/iot-telemetry/services/auth/internal/store/store.go:70.95,83.16 4 0
github.com/RaghibA/iot-telemetry/services/auth/internal/store/store.go:83.16,85.3 1 0
github.com/RaghibA/iot-telemetry/services/auth/internal/store/store.go:87.2,87.19 1 0
github.com/RaghibA/iot-telemetry/services/auth/internal/store/store.go:97.89,110.16 4 0
github.com/RaghibA/iot-telemetry/services/auth/internal/store/store.go:110.16,112.3 1 0
github.com/RaghibA/iot-telemetry/services/auth/internal/store/store.go:114.2,114.19 1 0
github.com/RaghibA/iot-telemetry/services/auth/internal/store/store.go:123.70,131.2 3 0
github.com/RaghibA/iot-telemetry/services/auth/internal/store/store.go:139.76,146.2 3 0
github.com/RaghibA/iot-telemetry/services/auth/internal/store/store.go:154.70,161.2 3 0
github.com/RaghibA/iot-telemetry/services/auth/internal/store/store.go:169.72,176.2 3 0
github.com/RaghibA/iot-telemetry/services/auth/internal/utils/utils.go:13.39,16.19 3 0
github.com/RaghibA/iot-telemetry/services/auth/internal/utils/utils.go:16.19,18.6 1 0
github.com/RaghibA/iot-telemetry/services/auth/internal/utils/utils.go:19.5,19.42 1 0
github.com/RaghibA/iot-telemetry/pkg/jwt/jwt.go:26.67,28.16 2 1
github.com/RaghibA/iot-telemetry/pkg/jwt/jwt.go:28.16,30.3 1 0
github.com/RaghibA/iot-telemetry/pkg/jwt/jwt.go:32.2,32.18 1 1
github.com/RaghibA/iot-telemetry/pkg/jwt/jwt.go:32.18,34.3 1 1
github.com/RaghibA/iot-telemetry/pkg/jwt/jwt.go:36.2,45.16 4 1
github.com/RaghibA/iot-telemetry/pkg/jwt/jwt.go:45.16,47.3 1 0
github.com/RaghibA/iot-telemetry/pkg/jwt/jwt.go:49.2,49.25 1 1
github.com/RaghibA/iot-telemetry/pkg/jwt/jwt.go:59.72,61.16 2 1
github.com/RaghibA/iot-telemetry/pkg/jwt/jwt.go:61.16,63.3 1 0
github.com/RaghibA/iot-telemetry/pkg/jwt/jwt.go:65.2,65.18 1 1
github.com/RaghibA/iot-telemetry/pkg/jwt/jwt.go:65.18,67.3 1 1
github.com/RaghibA/iot-telemetry/pkg/jwt/jwt.go:69.2,79.16 4 1
github.com/RaghibA/iot-telemetry/pkg/jwt/jwt.go:79.16,81.3 1 0
github.com/RaghibA/iot-telemetry/pkg/jwt/jwt.go:83.2,83.25 1 1
github.com/RaghibA/iot-telemetry/pkg/jwt/jwt.go:91.68,92.54 1 1
github.com/RaghibA/iot-telemetry/pkg/jwt/jwt.go:92.54,94.17 2 1
github.com/RaghibA/iot-telemetry/pkg/jwt/jwt.go:94.17,98.4 3 1
github.com/RaghibA/iot-telemetry/pkg/jwt/jwt.go:99.3,102.17 3 1
github.com/RaghibA/iot-telemetry/pkg/jwt/jwt.go:102.17,106.4 3 0
github.com/RaghibA/iot-telemetry/pkg/jwt/jwt.go:108.3,109.102 2 1
github.com/RaghibA/iot-telemetry/pkg/jwt/jwt.go:109.102,110.59 1 1
github.com/RaghibA/iot-telemetry/pkg/jwt/jwt.go:110.59,112.5 1 0
github.com/RaghibA/iot-telemetry/pkg/jwt/jwt.go:113.4,113.30 1 1
github.com/RaghibA/iot-telemetry/pkg/jwt/jwt.go:115.3,115.17 1 1
github.com/RaghibA/iot-telemetry/pkg/jwt/jwt.go:115.17,116.34 1 1
github.com/RaghibA/iot-telemetry/pkg/jwt/jwt.go:116.34,120.5 3 0
github.com/RaghibA/iot-telemetry/pkg/jwt/jwt.go:120.10,120.27 1 1
github.com/RaghibA/iot-telemetry/pkg/jwt/jwt.go:120.27,124.5 3 1
github.com/RaghibA/iot-telemetry/pkg/jwt/jwt.go:124.10,128.5 3 0
github.com/RaghibA/iot-telemetry/pkg/jwt/jwt.go:131.3,132.9 2 1
github.com/RaghibA/iot-telemetry/pkg/jwt/jwt.go:132.9,134.34 2 1
github.com/RaghibA/iot-telemetry/pkg/jwt/jwt.go:134.34,138.5 3 0
github.com/RaghibA/iot-telemetry/pkg/jwt/jwt.go:139.9,143.4 3 0
github.com/RaghibA/iot-telemetry/pkg/jwt/jwt.go:144.3,145.10 2 1
github.com/RaghibA/iot-telemetry/pkg/jwt/jwt.go:145.10,149.4 3 0
github.com/RaghibA/iot-telemetry/pkg/jwt/jwt.go:151.3,155.20 4 1
github.com/RaghibA/iot-telemetry/pkg/jwt/jwt.go:165.73,166.54 1 0
github.com/RaghibA/iot-telemetry/pkg/jwt/jwt.go:166.54,169.22 3 0
github.com/RaghibA/iot-telemetry/pkg/jwt/jwt.go:169.22,173.4 3 0
github.com/RaghibA/iot-telemetry/pkg/jwt/jwt.go:174.3,175.43 2 0
github.com/RaghibA/iot-telemetry/pkg/jwt/jwt.go:175.43,177.4 1 0
github.com/RaghibA/iot-telemetry/pkg/jwt/jwt.go:177.9,179.4 1 0
github.com/RaghibA/iot-telemetry/pkg/jwt/jwt.go:182.3,183.17 2 0
github.com/RaghibA/iot-telemetry/pkg/jwt/jwt.go:183.17,187.4 3 0
github.com/RaghibA/iot-telemetry/pkg/jwt/jwt.go:189.3,190.102 2 0
github.com/RaghibA/iot-telemetry/pkg/jwt/jwt.go:190.102,191.59 1 0
github.com/RaghibA/iot-telemetry/pkg/jwt/jwt.go:191.59,193.5 1 0
github.com/RaghibA/iot-telemetry/pkg/jwt/jwt.go:194.4,194.30 1 0
github.com/RaghibA/iot-telemetry/pkg/jwt/jwt.go:197.3,197.19 1 0
github.com/RaghibA/iot-telemetry/pkg/jwt/jwt.go:197.19,201.4 3 0
github.com/RaghibA/iot-telemetry/pkg/jwt/jwt.go:203.3,203.17 1 0
github.com/RaghibA/iot-telemetry/pkg/jwt/jwt.go:203.17,204.34 1 0
github.com/RaghibA/iot-telemetry/pkg/jwt/jwt.go:204.34,208.5 3 0
github.com/RaghibA/iot-telemetry/pkg/jwt/jwt.go:208.10,208.27 1 0
github.com/RaghibA/iot-telemetry/pkg/jwt/jwt.go:208.27,212.5 3 0
github.com/RaghibA/iot-telemetry/pkg/jwt/jwt.go:212.10,216.5 3 0
github.com/RaghibA/iot-telemetry/pkg/jwt/jwt.go:219.3,220.9 2 0
github.com/RaghibA/iot-telemetry/pkg/jwt/jwt.go:220.9,222.34 2 0
github.com/RaghibA/iot-telemetry/pkg/jwt/jwt.go:222.34,226.5 3 0
github.com/RaghibA/iot-telemetry/pkg/jwt/jwt.go:227.9,231.4 3 0
github.com/RaghibA/iot-telemetry/pkg/jwt/jwt.go:232.3,233.10 2 0
github.com/RaghibA/iot-telemetry/pkg/jwt/jwt.go:233.10,237.4 3 0
github.com/RaghibA/iot-telemetry/pkg/jwt/jwt.go:239.3,243.20 4 0
github.com/RaghibA/iot-telemetry/pkg/utils/utils.go:18.63,19.25 1 1
github.com/RaghibA/iot-telemetry/pkg/utils/utils.go:19.25,21.3 1 0
github.com/RaghibA/iot-telemetry/pkg/utils/utils.go:23.2,24.15 2 1
github.com/RaghibA/iot-telemetry/pkg/utils/utils.go:24.15,26.3 1 0
github.com/RaghibA/iot-telemetry/pkg/utils/utils.go:28.2,28.17 1 1
github.com/RaghibA/iot-telemetry/pkg/utils/utils.go:36.51,38.2 1 0
github.com/RaghibA/iot-telemetry/pkg/utils/utils.go:18.63,19.25 1 1
github.com/RaghibA/iot-telemetry/pkg/utils/utils.go:19.25,21.3 1 0
github.com/RaghibA/iot-telemetry/pkg/utils/utils.go:23.2,24.15 2 1
github.com/RaghibA/iot-telemetry/pkg/utils/utils.go:24.15,26.3 1 0
github.com/RaghibA/iot-telemetry/pkg/utils/utils.go:28.2,28.17 1 1
github.com/RaghibA/iot-telemetry/pkg/utils/utils.go:36.51,38.2 1 1
github.com/RaghibA/iot-telemetry/services/admin/internal/kafka/kafka.go:27.85,29.2 1 0
github.com/RaghibA/iot-telemetry/services/admin/internal/kafka/kafka.go:36.60,43.16 5 0
github.com/RaghibA/iot-telemetry/services/admin/internal/kafka/kafka.go:43.16,46.3 2 0
github.com/RaghibA/iot-telemetry/services/admin/internal/kafka/kafka.go:48.2,48.15 1 0
github.com/RaghibA/iot-telemetry/services/admin/internal/kafka/kafka.go:48.15,48.36 1 0
github.com/RaghibA/iot-telemetry/services/admin/internal/kafka/kafka.go:49.2,53.16 2 0
github.com/RaghibA/iot-telemetry/services/admin/internal/kafka/kafka.go:53.16,56.3 2 0
github.com/RaghibA/iot-telemetry/services/admin/internal/kafka/kafka.go:58.2,58.12 1 0
github.com/RaghibA/iot-telemetry/services/admin/internal/kafka/kafka.go:66.60,73.16 5 0
github.com/RaghibA/iot-telemetry/services/admin/internal/kafka/kafka.go:73.16,76.3 2 0
github.com/RaghibA/iot-telemetry/services/admin/internal/kafka/kafka.go:78.2,78.15 1 0
github.com/RaghibA/iot-telemetry/services/admin/internal/kafka/kafka.go:78.15,78.36 1 0
github.com/RaghibA/iot-telemetry/services/admin/internal/kafka/kafka.go:79.2,80.16 2 0
github.com/RaghibA/iot-telemetry/services/admin/internal/kafka/kafka.go:80.16,83.3 2 0
github.com/RaghibA/iot-telemetry/services/admin/internal/kafka/kafka.go:85.2,85.12 1 0
github.com/RaghibA/iot-telemetry/services/admin/internal/kafka/mock_kafka.go:16.44,21.2 1 1
github.com/RaghibA/iot-telemetry/services/admin/internal/kafka/mock_kafka.go:23.88,25.2 1 1
github.com/RaghibA/iot-telemetry/services/admin/internal/kafka/mock_kafka.go:27.63,28.18 1 1
github.com/RaghibA/iot-telemetry/services/admin/internal/kafka/mock_kafka.go:28.18,30.3 1 0
github.com/RaghibA/iot-telemetry/services/admin/internal/kafka/mock_kafka.go:32.2,33.12 2 1
github.com/RaghibA/iot-telemetry/services/admin/internal/kafka/mock_kafka.go:36.63,37.18 1 1
github.com/RaghibA/iot-telemetry/services/admin/internal/kafka/mock_kafka.go:37.18,39.3 1 0
github.com/RaghibA/iot-telemetry/services/admin/internal/kafka/mock_kafka.go:41.2,42.12 2 1
github.com/RaghibA/iot-telemetry/services/admin/internal/routes/admin.go:36.100,38.2 1 1
github.com/RaghibA/iot-telemetry/services/admin/internal/routes/admin.go:44.51,49.2 4 0
github.com/RaghibA/iot-telemetry/services/admin/internal/routes/admin.go:56.71,62.2 3 0
github.com/RaghibA/iot-telemetry/services/admin/internal/routes/admin.go:69.74,73.52 3 1
github.com/RaghibA/iot-telemetry/services/admin/internal/routes/admin.go:73.52,77.3 3 0
github.com/RaghibA/iot-telemetry/services/admin/internal/routes/admin.go:79.2,79.33 1 1
github.com/RaghibA/iot-telemetry/services/admin/internal/routes/admin.go:79.33,83.3 3 1
github.com/RaghibA/iot-telemetry/services/admin/internal/routes/admin.go:85.2,86.18 2 1
github.com/RaghibA/iot-telemetry/services/admin/internal/routes/admin.go:86.18,90.3 3 0
github.com/RaghibA/iot-telemetry/services/admin/internal/routes/admin.go:91.2,103.16 5 1
github.com/RaghibA/iot-telemetry/services/admin/internal/routes/admin.go:103.16,107.3 3 0
github.com/RaghibA/iot-telemetry/services/admin/internal/routes/admin.go:109.2,111.40 3 1
github.com/RaghibA/iot-telemetry/services/admin/internal/routes/admin.go:111.40,114.17 3 0
github.com/RaghibA/iot-telemetry/services/admin/internal/routes/admin.go:114.17,116.4 1 0
github.com/RaghibA/iot-telemetry/services/admin/internal/routes/admin.go:117.3,118.9 2 0
github.com/RaghibA/iot-telemetry/services/admin/internal/routes/admin.go:121.2,121.28 1 1
github.com/RaghibA/iot-telemetry/services/admin/internal/routes/admin.go:121.28,122.43 1 1
github.com/RaghibA/iot-telemetry/services/admin/internal/routes/admin.go:122.43,130.4 3 1
github.com/RaghibA/iot-telemetry/services/admin/internal/routes/admin.go:133.2,135.16 3 1
github.com/RaghibA/iot-telemetry/services/admin/internal/routes/admin.go:135.16,139.3 3 0
github.com/RaghibA/iot-telemetry/services/admin/internal/routes/admin.go:141.2,146.4 3 1
github.com/RaghibA/iot-telemetry/services/admin/internal/routes/admin.go:154.70,159.16 4 1
github.com/RaghibA/iot-telemetry/services/admin/internal/routes/admin.go:159.16,160.27 1 1
github.com/RaghibA/iot-telemetry/services/admin/internal/routes/admin.go:160.27,163.4 2 0
github.com/RaghibA/iot-telemetry/services/admin/internal/routes/admin.go:163.9,166.4 2 1
github.com/RaghibA/iot-telemetry/services/admin/internal/routes/admin.go:167.3,167.9 1 1
github.com/RaghibA/iot-telemetry/services/admin/internal/routes/admin.go:170.2,170.23 1 1
github.com/RaghibA/iot-telemetry/services/admin/internal/routes/admin.go:170.23,174.3 3 1
github.com/RaghibA/iot-telemetry/services/admin/internal/routes/admin.go:176.2,180.4 3 1
github.com/RaghibA/iot-telemetry/services/admin/internal/routes/admin.go:188.72,190.20 2 1
github.com/RaghibA/iot-telemetry/services/admin/internal/routes/admin.go:190.20,194.3 3 1
github.com/RaghibA/iot-telemetry/services/admin/internal/routes/admin.go:196.2,198.16 3 1
github.com/RaghibA/iot-telemetry/services/admin/internal/routes/admin.go:198.16,199.27 1 0
github.com/RaghibA/iot-telemetry/services/admin/internal/routes/admin.go:199.27,202.4 2 0
github.com/RaghibA/iot-telemetry/services/admin/internal/routes/admin.go:202.9,205.4 2 0
github.com/RaghibA/iot-telemetry/services/admin/internal/routes/admin.go:206.3,206.9 1 0
github.com/RaghibA/iot-telemetry/services/admin/internal/routes/admin.go:209.2,211.24 3 1
github.com/RaghibA/iot-telemetry/services/admin/internal/routes/admin.go:211.24,215.3 3 0
github.com/RaghibA/iot-telemetry/services/admin/internal/routes/admin.go:217.2,217.33 1 1
github.com/RaghibA/iot-telemetry/services/admin/internal/routes/admin.go:217.33,222.3 4 1
github.com/RaghibA/iot-telemetry/services/admin/internal/routes/admin.go:224.2,225.16 2 1
github.com/RaghibA/iot-telemetry/services/admin/internal/routes/admin.go:225.16,229.3 3 0
github.com/RaghibA/iot-telemetry/services/admin/internal/routes/admin.go:231.2,232.16 2 1
github.com/RaghibA/iot-telemetry/services/admin/internal/routes/admin.go:232.16,236.3 3 0
github.com/RaghibA/iot-telemetry/services/admin/internal/routes/admin.go:238.2,244.4 4 1
github.com/RaghibA/iot-telemetry/services/admin/internal/store/mock_store.go:15.32,20.2 1 1
github.com/RaghibA/iot-telemetry/services/admin/internal/store/mock_store.go:29.97,30.18 1 1
github.com/RaghibA/iot-telemetry/services/admin/internal/store/mock_store.go:30.18,32.3 1 0
github.com/RaghibA/iot-telemetry/services/admin/internal/store/mock_store.go:34.2,35.13 2 1
github.com/RaghibA/iot-telemetry/services/admin/internal/store/mock_store.go:35.13,37.3 1 0
github.com/RaghibA/iot-telemetry/services/admin/internal/store/mock_store.go:38.2,38.20 1 1
github.com/RaghibA/iot-telemetry/services/admin/internal/store/mock_store.go:41.97,42.18 1 1
github.com/RaghibA/iot-telemetry/services/admin/internal/store/mock_store.go:42.18,44.3 1 1
github.com/RaghibA/iot-telemetry/services/admin/internal/store/mock_store.go:46.2,47.35 2 1
github.com/RaghibA/iot-telemetry/services/admin/internal/store/mock_store.go:47.35,48.30 1 1
github.com/RaghibA/iot-telemetry/services/admin/internal/store/mock_store.go:48.30,50.4 1 1
github.com/RaghibA/iot-telemetry/services/admin/internal/store/mock_store.go:53.2,53.21 1 1
github.com/RaghibA/iot-telemetry/services/admin/internal/store/mock_store.go:56.81,57.18 1 1
github.com/RaghibA/iot-telemetry/services/admin/internal/store/mock_store.go:57.18,59.3 1 0
github.com/RaghibA/iot-telemetry/services/admin/internal/store/mock_store.go:61.2,62.12 2 1
github.com/RaghibA/iot-telemetry/services/admin/internal/store/mock_store.go:65.78,66.18 1 1
github.com/RaghibA/iot-telemetry/services/admin/internal/store/mock_store.go:66.18,68.3 1 0
github.com/RaghibA/iot-telemetry/services/admin/internal/store/mock_store.go:70.2,71.12 2 1
github.com/RaghibA/iot-telemetry/services/admin/internal/store/store.go:30.62,32.2 1 0
github.com/RaghibA/iot-telemetry/services/admin/internal/store/store.go:41.93,55.16 4 0
github.com/RaghibA/iot-telemetry/services/admin/internal/store/store.go:55.16,57.3 1 0
github.com/RaghibA/iot-telemetry/services/admin/internal/store/store.go:59.2,59.21 1 0
github.com/RaghibA/iot-telemetry/services/admin/internal/store/store.go:69.93,77.16 4 0
github.com/RaghibA/iot-telemetry/services/admin/internal/store/store.go:77.16,79.3 1 0
github.com/RaghibA/iot-telemetry/services/admin/internal/store/store.go:80.2,82.18 2 0
github.com/RaghibA/iot-telemetry/services/admin/internal/store/store.go:82.18,92.17 3 0
github.com/RaghibA/iot-telemetry/services/admin/internal/store/store.go:92.17,94.4 1 0
github.com/RaghibA/iot-telemetry/services/admin/internal/store/store.go:96.3,96.36 1 0
github.com/RaghibA/iot-telemetry/services/admin/internal/store/store.go:99.2,99.34 1 0
github.com/RaghibA/iot-telemetry/services/admin/internal/store/store.go:99.34,101.3 1 0
github.com/RaghibA/iot-telemetry/services/admin/internal/store/store.go:103.2,103.21 1 0
github.com/RaghibA/iot-telemetry/services/admin/internal/store/store.go:112.77,127.2 3 0
github.com/RaghibA/iot-telemetry/services/admin/internal/store/store.go:135.74,142.2 3 0
github.com/RaghibA/iot-telemetry/pkg/utils/utils.go:18.63,19.25 1 1
github.com/RaghibA/iot-telemetry/pkg/utils/utils.go:19.25,21.3 1 0
github.com/RaghibA/iot-telemetry/pkg/utils/utils.go:23.2,24.15 2 1
github.com/RaghibA/iot-telemetry/pkg/utils/utils.go:24.15,26.3 1 0
github.com/RaghibA/iot-telemetry/pkg/utils/utils.go:28.2,28.17 1 1
github.com/RaghibA/iot-telemetry/pkg/utils/utils.go:36.51,38.2 1 1
github.com/RaghibA/iot-telemetry/services/auth/internal/routes/user.go:43.73,45.2 1 1
github.com/RaghibA/iot-telemetry/services/auth/internal/routes/user.go:51.50,58.2 6 0
github.com/RaghibA/iot-telemetry/services/auth/internal/routes/user.go:65.71,71.2 3 0
github.com/RaghibA/iot-telemetry/services/auth/internal/routes/user.go:78.70,83.46 4 1
github.com/RaghibA/iot-telemetry/services/auth/internal/routes/user.go:83.46,87.3 3 0
github.com/RaghibA/iot-telemetry/services/auth/internal/routes/user.go:89.2,89.68 1 1
github.com/RaghibA/iot-telemetry/services/auth/internal/routes/user.go:89.68,93.3 3 0
github.com/RaghibA/iot-telemetry/services/auth/internal/routes/user.go:95.2,95.71 1 1
github.com/RaghibA/iot-telemetry/services/auth/internal/routes/user.go:95.71,99.3 3 0
github.com/RaghibA/iot-telemetry/services/auth/internal/routes/user.go:101.2,101.71 1 1
github.com/RaghibA/iot-telemetry/services/auth/internal/routes/user.go:101.71,105.3 3 0
github.com/RaghibA/iot-telemetry/services/auth/internal/routes/user.go:107.2,109.40 3 1
github.com/RaghibA/iot-telemetry/services/auth/internal/routes/user.go:109.40,113.3 3 0
github.com/RaghibA/iot-telemetry/services/auth/internal/routes/user.go:114.2,114.16 1 1
github.com/RaghibA/iot-telemetry/services/auth/internal/routes/user.go:114.16,118.3 3 1
github.com/RaghibA/iot-telemetry/services/auth/internal/routes/user.go:120.2,121.40 2 1
github.com/RaghibA/iot-telemetry/services/auth/internal/routes/user.go:121.40,125.3 3 0
github.com/RaghibA/iot-telemetry/services/auth/internal/routes/user.go:126.2,126.16 1 1
github.com/RaghibA/iot-telemetry/services/auth/internal/routes/user.go:126.16,130.3 3 0
github.com/RaghibA/iot-telemetry/services/auth/internal/routes/user.go:132.2,133.16 2 1
github.com/RaghibA/iot-telemetry/services/auth/internal/routes/user.go:133.16,137.3 3 0
github.com/RaghibA/iot-telemetry/services/auth/internal/routes/user.go:139.2,149.16 3 1
github.com/RaghibA/iot-telemetry/services/auth/internal/routes/user.go:149.16,153.3 3 0
github.com/RaghibA/iot-telemetry/services/auth/internal/routes/user.go:154.2,161.56 3 1
github.com/RaghibA/iot-telemetry/services/auth/internal/routes/user.go:161.56,165.3 3 0
github.com/RaghibA/iot-telemetry/services/auth/internal/routes/user.go:167.2,167.57 1 1
github.com/RaghibA/iot-telemetry/services/auth/internal/routes/user.go:167.57,172.3 4 0
github.com/RaghibA/iot-telemetry/services/auth/internal/routes/user.go:174.2,179.4 3 1
github.com/RaghibA/iot-telemetry/services/auth/internal/routes/user.go:187.69,191.51 3 1
github.com/RaghibA/iot-telemetry/services/auth/internal/routes/user.go:191.51,195.3 3 0
github.com/RaghibA/iot-telemetry/services/auth/internal/routes/user.go:197.2,197.58 1 1
github.com/RaghibA/iot-telemetry/services/auth/internal/routes/user.go:197.58,200.3 2 1
github.com/RaghibA/iot-telemetry/services/auth/internal/routes/user.go:202.2,204.26 3 1
github.com/RaghibA/iot-telemetry/services/auth/internal/routes/user.go:204.26,208.3 3 0
github.com/RaghibA/iot-telemetry/services/auth/internal/routes/user.go:209.2,209.16 1 1
github.com/RaghibA/iot-telemetry/services/auth/internal/routes/user.go:209.16,213.3 3 0
github.com/RaghibA/iot-telemetry/services/auth/internal/routes/user.go:215.2,216.16 2 1
github.com/RaghibA/iot-telemetry/services/auth/internal/routes/user.go:216.16,220.3 3 1
github.com/RaghibA/iot-telemetry/services/auth/internal/routes/user.go:222.2,223.16 2 1
github.com/RaghibA/iot-telemetry/services/auth/internal/routes/user.go:223.16,227.3 3 0
github.com/RaghibA/iot-telemetry/services/auth/internal/routes/user.go:229.2,244.4 5 1
github.com/RaghibA/iot-telemetry/services/auth/internal/routes/user.go:252.73,254.9 2 1
github.com/RaghibA/iot-telemetry/services/auth/internal/routes/user.go:254.9,258.3 3 0
github.com/RaghibA/iot-telemetry/services/auth/internal/routes/user.go:260.2,261.16 2 1
github.com/RaghibA/iot-telemetry/services/auth/internal/routes/user.go:261.16,265.3 3 0
github.com/RaghibA/iot-telemetry/services/auth/internal/routes/user.go:267.2,272.4 3 1
github.com/RaghibA/iot-telemetry/services/auth/internal/routes/user.go:280.70,293.2 3 1
github.com/RaghibA/iot-telemetry/services/auth/internal/routes/user.go:300.76,302.9 2 1
github.com/RaghibA/iot-telemetry/services/auth/internal/routes/user.go:302.9,306.3 3 0
github.com/RaghibA/iot-telemetry/services/auth/internal/routes/user.go:308.2,310.26 3 1
github.com/RaghibA/iot-telemetry/services/auth/internal/routes/user.go:310.26,314.3 3 0
github.com/RaghibA/iot-telemetry/services/auth/internal/routes/user.go:316.2,317.16 2 1
github.com/RaghibA/iot-telemetry/services/auth/internal/routes/user.go:317.16,321.3 3 0
github.com/RaghibA/iot-telemetry/services/auth/internal/routes/user.go:323.2,328.57 2 1
github.com/RaghibA/iot-telemetry/services/auth/internal/routes/user.go:328.57,332.3 3 0
github.com/RaghibA/iot-telemetry/services/auth/internal/routes/user.go:334.2,339.4 3 1
github.com/RaghibA/iot-telemetry/services/auth/internal/store/mock_store.go:21.40,27.2 1 1
github.com/RaghibA/iot-telemetry/services/auth/internal/store/mock_store.go:36.95,37.18 1 0
github.com/RaghibA/iot-telemetry/services/auth/internal/store/mock_store.go:37.18,39.3 1 0
github.com/RaghibA/iot-telemetry/services/auth/internal/store/mock_store.go:41.2,42.13 2 0
github.com/RaghibA/iot-telemetry/services/auth/internal/store/mock_store.go:42.13,44.3 1 0
github.com/RaghibA/iot-telemetry/services/auth/internal/store/mock_store.go:45.2,45.18 1 0
github.com/RaghibA/iot-telemetry/services/auth/internal/store/mock_store.go:55.103,56.18 1 1
github.com/RaghibA/iot-telemetry/services/auth/internal/store/mock_store.go:56.18,58.3 1 0
github.com/RaghibA/iot-telemetry/services/auth/internal/store/mock_store.go:60.2,60.31 1 1
github.com/RaghibA/iot-telemetry/services/auth/internal/store/mock_store.go:60.31,61.32 1 1
github.com/RaghibA/iot-telemetry/services/auth/internal/store/mock_store.go:61.32,63.4 1 1
github.com/RaghibA/iot-telemetry/services/auth/internal/store/mock_store.go:66.2,66.27 1 1
github.com/RaghibA/iot-telemetry/services/auth/internal/store/mock_store.go:76.97,77.18 1 1
github.com/RaghibA/iot-telemetry/services/auth/internal/store/mock_store.go:77.18,79.3 1 0
github.com/RaghibA/iot-telemetry/services/auth/internal/store/mock_store.go:81.2,81.31 1 1
github.com/RaghibA/iot-telemetry/services/auth/internal/store/mock_store.go:81.31,82.26 1 1
github.com/RaghibA/iot-telemetry/services/auth/internal/store/mock_store.go:82.26,84.4 1 1
github.com/RaghibA/iot-telemetry/services/auth/internal/store/mock_store.go:87.2,87.27 1 1
github.com/RaghibA/iot-telemetry/services/auth/internal/store/mock_store.go:96.78,97.18 1 1
github.com/RaghibA/iot-telemetry/services/auth/internal/store/mock_store.go:97.18,99.3 1 0
github.com/RaghibA/iot-telemetry/services/auth/internal/store/mock_store.go:101.2,101.28 1 1
github.com/RaghibA/iot-telemetry/services/auth/internal/store/mock_store.go:101.28,102.34 1 1
github.com/RaghibA/iot-telemetry/services/auth/internal/store/mock_store.go:102.34,104.4 1 0
github.com/RaghibA/iot-telemetry/services/auth/internal/store/mock_store.go:105.3,105.28 1 1
github.com/RaghibA/iot-telemetry/services/auth/internal/store/mock_store.go:105.28,107.4 1 0
github.com/RaghibA/iot-telemetry/services/auth/internal/store/mock_store.go:110.2,111.12 2 1
github.com/RaghibA/iot-telemetry/services/auth/internal/store/mock_store.go:120.84,121.18 1 1
github.com/RaghibA/iot-telemetry/services/auth/internal/store/mock_store.go:121.18,123.3 1 0
github.com/RaghibA/iot-telemetry/services/auth/internal/store/mock_store.go:125.2,126.12 2 1
github.com/RaghibA/iot-telemetry/services/auth/internal/store/mock_store.go:135.78,136.18 1 0
github.com/RaghibA/iot-telemetry/services/auth/internal/store/mock_store.go:136.18,138.3 1 0
github.com/RaghibA/iot-telemetry/services/auth/internal/store/mock_store.go:140.2,141.12 2 0
github.com/RaghibA/iot-telemetry/services/auth/internal/store/mock_store.go:150.80,151.18 1 1
github.com/RaghibA/iot-telemetry/services/auth/internal/store/mock_store.go:151.18,153.3 1 0
github.com/RaghibA/iot-telemetry/services/auth/internal/store/mock_store.go:155.2,156.12 2 1
github.com/RaghibA/iot-telemetry/services/auth/internal/store/store.go:32.60,34.2 1 0
github.com/RaghibA/iot-telemetry/services/auth/internal/store/store.go:43.87,56.16 4 0
github.com/RaghibA/iot-telemetry/services/auth/internal/store/store.go:56.16,58.3 1 0
github.com/RaghibA/iot-telemetry/services/auth/internal/store/store.go:60.2,60.19 1 0
github.com/RaghibA/iot-telemetry/services/auth/internal/store/store.go:70.95,83.16 4 0
github.com/RaghibA/iot-telemetry/services/auth/internal/store/store.go:83.16,85.3 1 0
github.com/RaghibA/iot-telemetry/services/auth/internal/store/store.go:87.2,87.19 1 0
github.com/RaghibA/iot-telemetry/services/auth/internal/store/store.go:97.89,110.16 4 0
github.com/RaghibA/iot-telemetry/services/auth/internal/store/store.go:110.16,112.3 1 0
github.com/RaghibA/iot-telemetry/services/auth/internal/store/store.go:114.2,114.19 1 0
github.com/RaghibA/iot-telemetry/services/auth/internal/store/store.go:123.70,131.2 3 0
github.com/RaghibA/iot-telemetry/services/auth/internal/store/store.go:139.76,146.2 3 0
github.com/RaghibA/iot-telemetry/services/auth/internal/store/store.go:154.70,161.2 3 0
github.com/RaghibA/iot-telemetry/services/auth/internal/store/store.go:169.72,176.2 3 0
github.com/RaghibA/iot-telemetry/services/auth/internal/utils/utils.go:13.39,16.19 3 1
github.com/RaghibA/iot-telemetry/services/auth/internal/utils/utils.go:16.19,18.6 1 0
github.com/RaghibA/iot-telemetry/services/auth/internal/utils/utils.go:19.5,19.42 1 1
